<?xml version="1.0" encoding="UTF-8"?>
<testsuite xmlns:xsi="http://www.w3.org/2001/XMLSchema-instance" xsi:noNamespaceSchemaLocation="https://maven.apache.org/surefire/maven-surefire-plugin/xsd/surefire-test-report.xsd" name="com.kuang.redis02springboot.Redis02SpringbootApplicationTests" time="63.684" tests="1" errors="1" skipped="0" failures="0">
  <properties>
    <property name="sun.desktop" value="windows"/>
    <property name="awt.toolkit" value="sun.awt.windows.WToolkit"/>
    <property name="file.encoding.pkg" value="sun.io"/>
    <property name="java.specification.version" value="1.8"/>
    <property name="sun.cpu.isalist" value="amd64"/>
    <property name="sun.jnu.encoding" value="GBK"/>
    <property name="java.class.path" value="D:\Program Files\code\redis-study\redis-02-springboot\target\test-classes;D:\Program Files\code\redis-study\redis-02-springboot\target\classes;D:\Program Files\env\apache-maven-3.6.3\repository\org\springframework\boot\spring-boot-starter-data-redis\2.5.1\spring-boot-starter-data-redis-2.5.1.jar;D:\Program Files\env\apache-maven-3.6.3\repository\org\springframework\boot\spring-boot-starter\2.5.1\spring-boot-starter-2.5.1.jar;D:\Program Files\env\apache-maven-3.6.3\repository\org\springframework\boot\spring-boot-starter-logging\2.5.1\spring-boot-starter-logging-2.5.1.jar;D:\Program Files\env\apache-maven-3.6.3\repository\ch\qos\logback\logback-classic\1.2.3\logback-classic-1.2.3.jar;D:\Program Files\env\apache-maven-3.6.3\repository\ch\qos\logback\logback-core\1.2.3\logback-core-1.2.3.jar;D:\Program Files\env\apache-maven-3.6.3\repository\org\apache\logging\log4j\log4j-to-slf4j\2.14.1\log4j-to-slf4j-2.14.1.jar;D:\Program Files\env\apache-maven-3.6.3\repository\org\apache\logging\log4j\log4j-api\2.14.1\log4j-api-2.14.1.jar;D:\Program Files\env\apache-maven-3.6.3\repository\org\slf4j\jul-to-slf4j\1.7.30\jul-to-slf4j-1.7.30.jar;D:\Program Files\env\apache-maven-3.6.3\repository\jakarta\annotation\jakarta.annotation-api\1.3.5\jakarta.annotation-api-1.3.5.jar;D:\Program Files\env\apache-maven-3.6.3\repository\org\yaml\snakeyaml\1.28\snakeyaml-1.28.jar;D:\Program Files\env\apache-maven-3.6.3\repository\org\springframework\data\spring-data-redis\2.5.1\spring-data-redis-2.5.1.jar;D:\Program Files\env\apache-maven-3.6.3\repository\org\springframework\data\spring-data-keyvalue\2.5.1\spring-data-keyvalue-2.5.1.jar;D:\Program Files\env\apache-maven-3.6.3\repository\org\springframework\data\spring-data-commons\2.5.1\spring-data-commons-2.5.1.jar;D:\Program Files\env\apache-maven-3.6.3\repository\org\springframework\spring-tx\5.3.8\spring-tx-5.3.8.jar;D:\Program Files\env\apache-maven-3.6.3\repository\org\springframework\spring-oxm\5.3.8\spring-oxm-5.3.8.jar;D:\Program Files\env\apache-maven-3.6.3\repository\org\springframework\spring-aop\5.3.8\spring-aop-5.3.8.jar;D:\Program Files\env\apache-maven-3.6.3\repository\org\springframework\spring-context-support\5.3.8\spring-context-support-5.3.8.jar;D:\Program Files\env\apache-maven-3.6.3\repository\org\slf4j\slf4j-api\1.7.30\slf4j-api-1.7.30.jar;D:\Program Files\env\apache-maven-3.6.3\repository\io\lettuce\lettuce-core\6.1.2.RELEASE\lettuce-core-6.1.2.RELEASE.jar;D:\Program Files\env\apache-maven-3.6.3\repository\io\netty\netty-common\4.1.65.Final\netty-common-4.1.65.Final.jar;D:\Program Files\env\apache-maven-3.6.3\repository\io\netty\netty-handler\4.1.65.Final\netty-handler-4.1.65.Final.jar;D:\Program Files\env\apache-maven-3.6.3\repository\io\netty\netty-resolver\4.1.65.Final\netty-resolver-4.1.65.Final.jar;D:\Program Files\env\apache-maven-3.6.3\repository\io\netty\netty-buffer\4.1.65.Final\netty-buffer-4.1.65.Final.jar;D:\Program Files\env\apache-maven-3.6.3\repository\io\netty\netty-codec\4.1.65.Final\netty-codec-4.1.65.Final.jar;D:\Program Files\env\apache-maven-3.6.3\repository\io\netty\netty-transport\4.1.65.Final\netty-transport-4.1.65.Final.jar;D:\Program Files\env\apache-maven-3.6.3\repository\io\projectreactor\reactor-core\3.4.6\reactor-core-3.4.6.jar;D:\Program Files\env\apache-maven-3.6.3\repository\org\reactivestreams\reactive-streams\1.0.3\reactive-streams-1.0.3.jar;D:\Program Files\env\apache-maven-3.6.3\repository\org\springframework\boot\spring-boot-starter-web\2.5.1\spring-boot-starter-web-2.5.1.jar;D:\Program Files\env\apache-maven-3.6.3\repository\org\springframework\boot\spring-boot-starter-json\2.5.1\spring-boot-starter-json-2.5.1.jar;D:\Program Files\env\apache-maven-3.6.3\repository\com\fasterxml\jackson\core\jackson-databind\2.12.3\jackson-databind-2.12.3.jar;D:\Program Files\env\apache-maven-3.6.3\repository\com\fasterxml\jackson\core\jackson-annotations\2.12.3\jackson-annotations-2.12.3.jar;D:\Program Files\env\apache-maven-3.6.3\repository\com\fasterxml\jackson\core\jackson-core\2.12.3\jackson-core-2.12.3.jar;D:\Program Files\env\apache-maven-3.6.3\repository\com\fasterxml\jackson\datatype\jackson-datatype-jdk8\2.12.3\jackson-datatype-jdk8-2.12.3.jar;D:\Program Files\env\apache-maven-3.6.3\repository\com\fasterxml\jackson\datatype\jackson-datatype-jsr310\2.12.3\jackson-datatype-jsr310-2.12.3.jar;D:\Program Files\env\apache-maven-3.6.3\repository\com\fasterxml\jackson\module\jackson-module-parameter-names\2.12.3\jackson-module-parameter-names-2.12.3.jar;D:\Program Files\env\apache-maven-3.6.3\repository\org\springframework\boot\spring-boot-starter-tomcat\2.5.1\spring-boot-starter-tomcat-2.5.1.jar;D:\Program Files\env\apache-maven-3.6.3\repository\org\apache\tomcat\embed\tomcat-embed-core\9.0.46\tomcat-embed-core-9.0.46.jar;D:\Program Files\env\apache-maven-3.6.3\repository\org\apache\tomcat\embed\tomcat-embed-el\9.0.46\tomcat-embed-el-9.0.46.jar;D:\Program Files\env\apache-maven-3.6.3\repository\org\apache\tomcat\embed\tomcat-embed-websocket\9.0.46\tomcat-embed-websocket-9.0.46.jar;D:\Program Files\env\apache-maven-3.6.3\repository\org\springframework\spring-web\5.3.8\spring-web-5.3.8.jar;D:\Program Files\env\apache-maven-3.6.3\repository\org\springframework\spring-beans\5.3.8\spring-beans-5.3.8.jar;D:\Program Files\env\apache-maven-3.6.3\repository\org\springframework\spring-webmvc\5.3.8\spring-webmvc-5.3.8.jar;D:\Program Files\env\apache-maven-3.6.3\repository\org\springframework\spring-context\5.3.8\spring-context-5.3.8.jar;D:\Program Files\env\apache-maven-3.6.3\repository\org\springframework\spring-expression\5.3.8\spring-expression-5.3.8.jar;D:\Program Files\env\apache-maven-3.6.3\repository\org\springframework\boot\spring-boot-devtools\2.5.1\spring-boot-devtools-2.5.1.jar;D:\Program Files\env\apache-maven-3.6.3\repository\org\springframework\boot\spring-boot\2.5.1\spring-boot-2.5.1.jar;D:\Program Files\env\apache-maven-3.6.3\repository\org\springframework\boot\spring-boot-autoconfigure\2.5.1\spring-boot-autoconfigure-2.5.1.jar;D:\Program Files\env\apache-maven-3.6.3\repository\org\springframework\boot\spring-boot-configuration-processor\2.5.1\spring-boot-configuration-processor-2.5.1.jar;D:\Program Files\env\apache-maven-3.6.3\repository\org\projectlombok\lombok\1.18.20\lombok-1.18.20.jar;D:\Program Files\env\apache-maven-3.6.3\repository\org\springframework\boot\spring-boot-starter-test\2.5.1\spring-boot-starter-test-2.5.1.jar;D:\Program Files\env\apache-maven-3.6.3\repository\org\springframework\boot\spring-boot-test\2.5.1\spring-boot-test-2.5.1.jar;D:\Program Files\env\apache-maven-3.6.3\repository\org\springframework\boot\spring-boot-test-autoconfigure\2.5.1\spring-boot-test-autoconfigure-2.5.1.jar;D:\Program Files\env\apache-maven-3.6.3\repository\com\jayway\jsonpath\json-path\2.5.0\json-path-2.5.0.jar;D:\Program Files\env\apache-maven-3.6.3\repository\net\minidev\json-smart\2.4.7\json-smart-2.4.7.jar;D:\Program Files\env\apache-maven-3.6.3\repository\net\minidev\accessors-smart\2.4.7\accessors-smart-2.4.7.jar;D:\Program Files\env\apache-maven-3.6.3\repository\org\ow2\asm\asm\9.1\asm-9.1.jar;D:\Program Files\env\apache-maven-3.6.3\repository\jakarta\xml\bind\jakarta.xml.bind-api\2.3.3\jakarta.xml.bind-api-2.3.3.jar;D:\Program Files\env\apache-maven-3.6.3\repository\jakarta\activation\jakarta.activation-api\1.2.2\jakarta.activation-api-1.2.2.jar;D:\Program Files\env\apache-maven-3.6.3\repository\org\assertj\assertj-core\3.19.0\assertj-core-3.19.0.jar;D:\Program Files\env\apache-maven-3.6.3\repository\org\hamcrest\hamcrest\2.2\hamcrest-2.2.jar;D:\Program Files\env\apache-maven-3.6.3\repository\org\junit\jupiter\junit-jupiter\5.7.2\junit-jupiter-5.7.2.jar;D:\Program Files\env\apache-maven-3.6.3\repository\org\junit\jupiter\junit-jupiter-api\5.7.2\junit-jupiter-api-5.7.2.jar;D:\Program Files\env\apache-maven-3.6.3\repository\org\apiguardian\apiguardian-api\1.1.0\apiguardian-api-1.1.0.jar;D:\Program Files\env\apache-maven-3.6.3\repository\org\opentest4j\opentest4j\1.2.0\opentest4j-1.2.0.jar;D:\Program Files\env\apache-maven-3.6.3\repository\org\junit\platform\junit-platform-commons\1.7.2\junit-platform-commons-1.7.2.jar;D:\Program Files\env\apache-maven-3.6.3\repository\org\junit\jupiter\junit-jupiter-params\5.7.2\junit-jupiter-params-5.7.2.jar;D:\Program Files\env\apache-maven-3.6.3\repository\org\junit\jupiter\junit-jupiter-engine\5.7.2\junit-jupiter-engine-5.7.2.jar;D:\Program Files\env\apache-maven-3.6.3\repository\org\junit\platform\junit-platform-engine\1.7.2\junit-platform-engine-1.7.2.jar;D:\Program Files\env\apache-maven-3.6.3\repository\org\mockito\mockito-core\3.9.0\mockito-core-3.9.0.jar;D:\Program Files\env\apache-maven-3.6.3\repository\net\bytebuddy\byte-buddy\1.10.22\byte-buddy-1.10.22.jar;D:\Program Files\env\apache-maven-3.6.3\repository\net\bytebuddy\byte-buddy-agent\1.10.22\byte-buddy-agent-1.10.22.jar;D:\Program Files\env\apache-maven-3.6.3\repository\org\objenesis\objenesis\3.2\objenesis-3.2.jar;D:\Program Files\env\apache-maven-3.6.3\repository\org\mockito\mockito-junit-jupiter\3.9.0\mockito-junit-jupiter-3.9.0.jar;D:\Program Files\env\apache-maven-3.6.3\repository\org\skyscreamer\jsonassert\1.5.0\jsonassert-1.5.0.jar;D:\Program Files\env\apache-maven-3.6.3\repository\com\vaadin\external\google\android-json\0.0.20131108.vaadin1\android-json-0.0.20131108.vaadin1.jar;D:\Program Files\env\apache-maven-3.6.3\repository\org\springframework\spring-core\5.3.8\spring-core-5.3.8.jar;D:\Program Files\env\apache-maven-3.6.3\repository\org\springframework\spring-jcl\5.3.8\spring-jcl-5.3.8.jar;D:\Program Files\env\apache-maven-3.6.3\repository\org\springframework\spring-test\5.3.8\spring-test-5.3.8.jar;D:\Program Files\env\apache-maven-3.6.3\repository\org\xmlunit\xmlunit-core\2.8.2\xmlunit-core-2.8.2.jar;"/>
    <property name="java.vm.vendor" value="Oracle Corporation"/>
    <property name="sun.arch.data.model" value="64"/>
    <property name="user.variant" value=""/>
    <property name="java.vendor.url" value="http://java.oracle.com/"/>
    <property name="user.timezone" value="Asia/Shanghai"/>
    <property name="java.vm.specification.version" value="1.8"/>
    <property name="os.name" value="Windows 10"/>
    <property name="user.country" value="CN"/>
    <property name="sun.java.launcher" value="SUN_STANDARD"/>
    <property name="sun.boot.library.path" value="D:\Program Files\env\Java\jdk1.8.0_271\jre\bin"/>
    <property name="sun.java.command" value="C:\Users\FlameZ\AppData\Local\Temp\surefire8528103981647267155\surefirebooter7294636232263541301.jar C:\Users\FlameZ\AppData\Local\Temp\surefire8528103981647267155 2021-06-22T21-31-07_182-jvmRun1 surefire764371551964771561tmp surefire_0654954303207555026tmp"/>
    <property name="surefire.test.class.path" value="D:\Program Files\code\redis-study\redis-02-springboot\target\test-classes;D:\Program Files\code\redis-study\redis-02-springboot\target\classes;D:\Program Files\env\apache-maven-3.6.3\repository\org\springframework\boot\spring-boot-starter-data-redis\2.5.1\spring-boot-starter-data-redis-2.5.1.jar;D:\Program Files\env\apache-maven-3.6.3\repository\org\springframework\boot\spring-boot-starter\2.5.1\spring-boot-starter-2.5.1.jar;D:\Program Files\env\apache-maven-3.6.3\repository\org\springframework\boot\spring-boot-starter-logging\2.5.1\spring-boot-starter-logging-2.5.1.jar;D:\Program Files\env\apache-maven-3.6.3\repository\ch\qos\logback\logback-classic\1.2.3\logback-classic-1.2.3.jar;D:\Program Files\env\apache-maven-3.6.3\repository\ch\qos\logback\logback-core\1.2.3\logback-core-1.2.3.jar;D:\Program Files\env\apache-maven-3.6.3\repository\org\apache\logging\log4j\log4j-to-slf4j\2.14.1\log4j-to-slf4j-2.14.1.jar;D:\Program Files\env\apache-maven-3.6.3\repository\org\apache\logging\log4j\log4j-api\2.14.1\log4j-api-2.14.1.jar;D:\Program Files\env\apache-maven-3.6.3\repository\org\slf4j\jul-to-slf4j\1.7.30\jul-to-slf4j-1.7.30.jar;D:\Program Files\env\apache-maven-3.6.3\repository\jakarta\annotation\jakarta.annotation-api\1.3.5\jakarta.annotation-api-1.3.5.jar;D:\Program Files\env\apache-maven-3.6.3\repository\org\yaml\snakeyaml\1.28\snakeyaml-1.28.jar;D:\Program Files\env\apache-maven-3.6.3\repository\org\springframework\data\spring-data-redis\2.5.1\spring-data-redis-2.5.1.jar;D:\Program Files\env\apache-maven-3.6.3\repository\org\springframework\data\spring-data-keyvalue\2.5.1\spring-data-keyvalue-2.5.1.jar;D:\Program Files\env\apache-maven-3.6.3\repository\org\springframework\data\spring-data-commons\2.5.1\spring-data-commons-2.5.1.jar;D:\Program Files\env\apache-maven-3.6.3\repository\org\springframework\spring-tx\5.3.8\spring-tx-5.3.8.jar;D:\Program Files\env\apache-maven-3.6.3\repository\org\springframework\spring-oxm\5.3.8\spring-oxm-5.3.8.jar;D:\Program Files\env\apache-maven-3.6.3\repository\org\springframework\spring-aop\5.3.8\spring-aop-5.3.8.jar;D:\Program Files\env\apache-maven-3.6.3\repository\org\springframework\spring-context-support\5.3.8\spring-context-support-5.3.8.jar;D:\Program Files\env\apache-maven-3.6.3\repository\org\slf4j\slf4j-api\1.7.30\slf4j-api-1.7.30.jar;D:\Program Files\env\apache-maven-3.6.3\repository\io\lettuce\lettuce-core\6.1.2.RELEASE\lettuce-core-6.1.2.RELEASE.jar;D:\Program Files\env\apache-maven-3.6.3\repository\io\netty\netty-common\4.1.65.Final\netty-common-4.1.65.Final.jar;D:\Program Files\env\apache-maven-3.6.3\repository\io\netty\netty-handler\4.1.65.Final\netty-handler-4.1.65.Final.jar;D:\Program Files\env\apache-maven-3.6.3\repository\io\netty\netty-resolver\4.1.65.Final\netty-resolver-4.1.65.Final.jar;D:\Program Files\env\apache-maven-3.6.3\repository\io\netty\netty-buffer\4.1.65.Final\netty-buffer-4.1.65.Final.jar;D:\Program Files\env\apache-maven-3.6.3\repository\io\netty\netty-codec\4.1.65.Final\netty-codec-4.1.65.Final.jar;D:\Program Files\env\apache-maven-3.6.3\repository\io\netty\netty-transport\4.1.65.Final\netty-transport-4.1.65.Final.jar;D:\Program Files\env\apache-maven-3.6.3\repository\io\projectreactor\reactor-core\3.4.6\reactor-core-3.4.6.jar;D:\Program Files\env\apache-maven-3.6.3\repository\org\reactivestreams\reactive-streams\1.0.3\reactive-streams-1.0.3.jar;D:\Program Files\env\apache-maven-3.6.3\repository\org\springframework\boot\spring-boot-starter-web\2.5.1\spring-boot-starter-web-2.5.1.jar;D:\Program Files\env\apache-maven-3.6.3\repository\org\springframework\boot\spring-boot-starter-json\2.5.1\spring-boot-starter-json-2.5.1.jar;D:\Program Files\env\apache-maven-3.6.3\repository\com\fasterxml\jackson\core\jackson-databind\2.12.3\jackson-databind-2.12.3.jar;D:\Program Files\env\apache-maven-3.6.3\repository\com\fasterxml\jackson\core\jackson-annotations\2.12.3\jackson-annotations-2.12.3.jar;D:\Program Files\env\apache-maven-3.6.3\repository\com\fasterxml\jackson\core\jackson-core\2.12.3\jackson-core-2.12.3.jar;D:\Program Files\env\apache-maven-3.6.3\repository\com\fasterxml\jackson\datatype\jackson-datatype-jdk8\2.12.3\jackson-datatype-jdk8-2.12.3.jar;D:\Program Files\env\apache-maven-3.6.3\repository\com\fasterxml\jackson\datatype\jackson-datatype-jsr310\2.12.3\jackson-datatype-jsr310-2.12.3.jar;D:\Program Files\env\apache-maven-3.6.3\repository\com\fasterxml\jackson\module\jackson-module-parameter-names\2.12.3\jackson-module-parameter-names-2.12.3.jar;D:\Program Files\env\apache-maven-3.6.3\repository\org\springframework\boot\spring-boot-starter-tomcat\2.5.1\spring-boot-starter-tomcat-2.5.1.jar;D:\Program Files\env\apache-maven-3.6.3\repository\org\apache\tomcat\embed\tomcat-embed-core\9.0.46\tomcat-embed-core-9.0.46.jar;D:\Program Files\env\apache-maven-3.6.3\repository\org\apache\tomcat\embed\tomcat-embed-el\9.0.46\tomcat-embed-el-9.0.46.jar;D:\Program Files\env\apache-maven-3.6.3\repository\org\apache\tomcat\embed\tomcat-embed-websocket\9.0.46\tomcat-embed-websocket-9.0.46.jar;D:\Program Files\env\apache-maven-3.6.3\repository\org\springframework\spring-web\5.3.8\spring-web-5.3.8.jar;D:\Program Files\env\apache-maven-3.6.3\repository\org\springframework\spring-beans\5.3.8\spring-beans-5.3.8.jar;D:\Program Files\env\apache-maven-3.6.3\repository\org\springframework\spring-webmvc\5.3.8\spring-webmvc-5.3.8.jar;D:\Program Files\env\apache-maven-3.6.3\repository\org\springframework\spring-context\5.3.8\spring-context-5.3.8.jar;D:\Program Files\env\apache-maven-3.6.3\repository\org\springframework\spring-expression\5.3.8\spring-expression-5.3.8.jar;D:\Program Files\env\apache-maven-3.6.3\repository\org\springframework\boot\spring-boot-devtools\2.5.1\spring-boot-devtools-2.5.1.jar;D:\Program Files\env\apache-maven-3.6.3\repository\org\springframework\boot\spring-boot\2.5.1\spring-boot-2.5.1.jar;D:\Program Files\env\apache-maven-3.6.3\repository\org\springframework\boot\spring-boot-autoconfigure\2.5.1\spring-boot-autoconfigure-2.5.1.jar;D:\Program Files\env\apache-maven-3.6.3\repository\org\springframework\boot\spring-boot-configuration-processor\2.5.1\spring-boot-configuration-processor-2.5.1.jar;D:\Program Files\env\apache-maven-3.6.3\repository\org\projectlombok\lombok\1.18.20\lombok-1.18.20.jar;D:\Program Files\env\apache-maven-3.6.3\repository\org\springframework\boot\spring-boot-starter-test\2.5.1\spring-boot-starter-test-2.5.1.jar;D:\Program Files\env\apache-maven-3.6.3\repository\org\springframework\boot\spring-boot-test\2.5.1\spring-boot-test-2.5.1.jar;D:\Program Files\env\apache-maven-3.6.3\repository\org\springframework\boot\spring-boot-test-autoconfigure\2.5.1\spring-boot-test-autoconfigure-2.5.1.jar;D:\Program Files\env\apache-maven-3.6.3\repository\com\jayway\jsonpath\json-path\2.5.0\json-path-2.5.0.jar;D:\Program Files\env\apache-maven-3.6.3\repository\net\minidev\json-smart\2.4.7\json-smart-2.4.7.jar;D:\Program Files\env\apache-maven-3.6.3\repository\net\minidev\accessors-smart\2.4.7\accessors-smart-2.4.7.jar;D:\Program Files\env\apache-maven-3.6.3\repository\org\ow2\asm\asm\9.1\asm-9.1.jar;D:\Program Files\env\apache-maven-3.6.3\repository\jakarta\xml\bind\jakarta.xml.bind-api\2.3.3\jakarta.xml.bind-api-2.3.3.jar;D:\Program Files\env\apache-maven-3.6.3\repository\jakarta\activation\jakarta.activation-api\1.2.2\jakarta.activation-api-1.2.2.jar;D:\Program Files\env\apache-maven-3.6.3\repository\org\assertj\assertj-core\3.19.0\assertj-core-3.19.0.jar;D:\Program Files\env\apache-maven-3.6.3\repository\org\hamcrest\hamcrest\2.2\hamcrest-2.2.jar;D:\Program Files\env\apache-maven-3.6.3\repository\org\junit\jupiter\junit-jupiter\5.7.2\junit-jupiter-5.7.2.jar;D:\Program Files\env\apache-maven-3.6.3\repository\org\junit\jupiter\junit-jupiter-api\5.7.2\junit-jupiter-api-5.7.2.jar;D:\Program Files\env\apache-maven-3.6.3\repository\org\apiguardian\apiguardian-api\1.1.0\apiguardian-api-1.1.0.jar;D:\Program Files\env\apache-maven-3.6.3\repository\org\opentest4j\opentest4j\1.2.0\opentest4j-1.2.0.jar;D:\Program Files\env\apache-maven-3.6.3\repository\org\junit\platform\junit-platform-commons\1.7.2\junit-platform-commons-1.7.2.jar;D:\Program Files\env\apache-maven-3.6.3\repository\org\junit\jupiter\junit-jupiter-params\5.7.2\junit-jupiter-params-5.7.2.jar;D:\Program Files\env\apache-maven-3.6.3\repository\org\junit\jupiter\junit-jupiter-engine\5.7.2\junit-jupiter-engine-5.7.2.jar;D:\Program Files\env\apache-maven-3.6.3\repository\org\junit\platform\junit-platform-engine\1.7.2\junit-platform-engine-1.7.2.jar;D:\Program Files\env\apache-maven-3.6.3\repository\org\mockito\mockito-core\3.9.0\mockito-core-3.9.0.jar;D:\Program Files\env\apache-maven-3.6.3\repository\net\bytebuddy\byte-buddy\1.10.22\byte-buddy-1.10.22.jar;D:\Program Files\env\apache-maven-3.6.3\repository\net\bytebuddy\byte-buddy-agent\1.10.22\byte-buddy-agent-1.10.22.jar;D:\Program Files\env\apache-maven-3.6.3\repository\org\objenesis\objenesis\3.2\objenesis-3.2.jar;D:\Program Files\env\apache-maven-3.6.3\repository\org\mockito\mockito-junit-jupiter\3.9.0\mockito-junit-jupiter-3.9.0.jar;D:\Program Files\env\apache-maven-3.6.3\repository\org\skyscreamer\jsonassert\1.5.0\jsonassert-1.5.0.jar;D:\Program Files\env\apache-maven-3.6.3\repository\com\vaadin\external\google\android-json\0.0.20131108.vaadin1\android-json-0.0.20131108.vaadin1.jar;D:\Program Files\env\apache-maven-3.6.3\repository\org\springframework\spring-core\5.3.8\spring-core-5.3.8.jar;D:\Program Files\env\apache-maven-3.6.3\repository\org\springframework\spring-jcl\5.3.8\spring-jcl-5.3.8.jar;D:\Program Files\env\apache-maven-3.6.3\repository\org\springframework\spring-test\5.3.8\spring-test-5.3.8.jar;D:\Program Files\env\apache-maven-3.6.3\repository\org\xmlunit\xmlunit-core\2.8.2\xmlunit-core-2.8.2.jar;"/>
    <property name="sun.cpu.endian" value="little"/>
    <property name="user.home" value="C:\Users\FlameZ"/>
    <property name="user.language" value="zh"/>
    <property name="java.specification.vendor" value="Oracle Corporation"/>
    <property name="java.home" value="D:\Program Files\env\Java\jdk1.8.0_271\jre"/>
    <property name="basedir" value="D:\Program Files\code\redis-study\redis-02-springboot"/>
    <property name="file.separator" value="\"/>
    <property name="line.separator" value="&#10;"/>
    <property name="java.vm.specification.vendor" value="Oracle Corporation"/>
    <property name="java.specification.name" value="Java Platform API Specification"/>
    <property name="java.awt.graphicsenv" value="sun.awt.Win32GraphicsEnvironment"/>
    <property name="surefire.real.class.path" value="C:\Users\FlameZ\AppData\Local\Temp\surefire8528103981647267155\surefirebooter7294636232263541301.jar"/>
    <property name="sun.boot.class.path" value="D:\Program Files\env\Java\jdk1.8.0_271\jre\lib\resources.jar;D:\Program Files\env\Java\jdk1.8.0_271\jre\lib\rt.jar;D:\Program Files\env\Java\jdk1.8.0_271\jre\lib\sunrsasign.jar;D:\Program Files\env\Java\jdk1.8.0_271\jre\lib\jsse.jar;D:\Program Files\env\Java\jdk1.8.0_271\jre\lib\jce.jar;D:\Program Files\env\Java\jdk1.8.0_271\jre\lib\charsets.jar;D:\Program Files\env\Java\jdk1.8.0_271\jre\lib\jfr.jar;D:\Program Files\env\Java\jdk1.8.0_271\jre\classes"/>
    <property name="user.script" value=""/>
    <property name="sun.management.compiler" value="HotSpot 64-Bit Tiered Compilers"/>
    <property name="java.runtime.version" value="1.8.0_271-b09"/>
    <property name="user.name" value="FlameZ"/>
    <property name="path.separator" value=";"/>
    <property name="os.version" value="10.0"/>
    <property name="java.endorsed.dirs" value="D:\Program Files\env\Java\jdk1.8.0_271\jre\lib\endorsed"/>
    <property name="java.runtime.name" value="Java(TM) SE Runtime Environment"/>
    <property name="file.encoding" value="GBK"/>
    <property name="java.vm.name" value="Java HotSpot(TM) 64-Bit Server VM"/>
    <property name="localRepository" value="D:\Program Files\env\apache-maven-3.6.3\repository"/>
    <property name="java.vendor.url.bug" value="http://bugreport.sun.com/bugreport/"/>
    <property name="java.io.tmpdir" value="C:\Users\FlameZ\AppData\Local\Temp\"/>
    <property name="idea.version" value="2021.1.2"/>
    <property name="java.version" value="1.8.0_271"/>
    <property name="user.dir" value="D:\Program Files\code\redis-study\redis-02-springboot"/>
    <property name="os.arch" value="amd64"/>
    <property name="java.vm.specification.name" value="Java Virtual Machine Specification"/>
    <property name="java.awt.printerjob" value="sun.awt.windows.WPrinterJob"/>
    <property name="sun.os.patch.level" value=""/>
    <property name="java.library.path" value="D:\Program Files\env\Java\jdk1.8.0_271\jre\bin;C:\Windows\Sun\Java\bin;C:\Windows\system32;C:\Windows;C:\Program Files (x86)\Common Files\Oracle\Java\javapath;C:\Windows\system32;C:\Windows;C:\Windows\System32\Wbem;C:\Windows\System32\WindowsPowerShell\v1.0\;C:\Windows\System32\OpenSSH\;C:\Program Files (x86)\NVIDIA Corporation\PhysX\Common;C:\Program Files\NVIDIA Corporation\NVIDIA NvDLISR;D:\Program Files (x86)\NetSarang\Xshell 7\;D:\Program Files\Git\cmd;D:\Program Files\nodejs\;D:\Program Files\env\Java\jdk1.8.0_271\bin;D:\Program Files\env\Java\jdk1.8.0_271\jre\bin;D:\Program Files\env\Redis;C:\Program Files\MySQL\MySQL Server 5.6\bin;D:\Program Files\env\apache-maven-3.6.3\bin;C:\Program Files\NVIDIA Corporation\Nsight Compute 2020.2.0\;C:\Program Files\NVIDIA GPU Computing Toolkit\CUDA\v11.1\bin;C:\Program Files\NVIDIA GPU Computing Toolkit\CUDA\v11.1\libnvvp;C:\Program Files\NVIDIA GPU Computing Toolkit\CUDA\v11.1\lib;C:\Program Files\NVIDIA GPU Computing Toolkit\CUDA\v11.1\include;C:\Program Files\NVIDIA GPU Computing Toolkit\CUDA\v11.1\lib\x64;C:\Program Files\NVIDIA GPU Computing Toolkit\CUDA\v11.1\extras\CUPTI\lib64;D:\Program Files\env\mingw-w64\mingw64\bin;D:\anaconda3;D:\anaconda3\Library\mingw-w64\bin;D:\anaconda3\Library\usr\bin;D:\anaconda3\Library\bin;D:\anaconda3\Scripts;C:\Users\FlameZ\AppData\Local\Microsoft\WindowsApps;C:\Users\FlameZ\AppData\Roaming\npm;D:\Program Files\JetBrains\IntelliJ IDEA 2020.3.1\bin;;D:\texlive\2021\bin\win32;."/>
    <property name="java.vm.info" value="mixed mode"/>
    <property name="java.vendor" value="Oracle Corporation"/>
    <property name="java.vm.version" value="25.271-b09"/>
    <property name="java.ext.dirs" value="D:\Program Files\env\Java\jdk1.8.0_271\jre\lib\ext;C:\Windows\Sun\Java\lib\ext"/>
    <property name="sun.io.unicode.encoding" value="UnicodeLittle"/>
    <property name="maven.repo.local" value="D:\Program Files\env\apache-maven-3.6.3\repository"/>
    <property name="java.class.version" value="52.0"/>
  </properties>
  <testcase name="contextLoads" classname="com.kuang.redis02springboot.Redis02SpringbootApplicationTests" time="60.982">
    <error message="Unable to connect to Redis; nested exception is io.lettuce.core.RedisConnectionException: Unable to connect to localhost:6379" type="org.springframework.data.redis.RedisConnectionFailureException">org.springframework.data.redis.RedisConnectionFailureException: Unable to connect to Redis; nested exception is io.lettuce.core.RedisConnectionException: Unable to connect to localhost:6379
	at com.kuang.redis02springboot.Redis02SpringbootApplicationTests.contextLoads(Redis02SpringbootApplicationTests.java:28)
Caused by: io.lettuce.core.RedisConnectionException: Unable to connect to localhost:6379
	at com.kuang.redis02springboot.Redis02SpringbootApplicationTests.contextLoads(Redis02SpringbootApplicationTests.java:28)
Caused by: io.lettuce.core.RedisCommandTimeoutException: Connection initialization timed out. Command timed out after 1 minute(s)
</error>
    <system-out><![CDATA[21:31:08.048 [main] DEBUG org.springframework.test.context.BootstrapUtils - Instantiating CacheAwareContextLoaderDelegate from class [org.springframework.test.context.cache.DefaultCacheAwareContextLoaderDelegate]
21:31:08.060 [main] DEBUG org.springframework.test.context.BootstrapUtils - Instantiating BootstrapContext using constructor [public org.springframework.test.context.support.DefaultBootstrapContext(java.lang.Class,org.springframework.test.context.CacheAwareContextLoaderDelegate)]
21:31:08.090 [main] DEBUG org.springframework.test.context.BootstrapUtils - Instantiating TestContextBootstrapper for test class [com.kuang.redis02springboot.Redis02SpringbootApplicationTests] from class [org.springframework.boot.test.context.SpringBootTestContextBootstrapper]
21:31:08.101 [main] INFO org.springframework.boot.test.context.SpringBootTestContextBootstrapper - Neither @ContextConfiguration nor @ContextHierarchy found for test class [com.kuang.redis02springboot.Redis02SpringbootApplicationTests], using SpringBootContextLoader
21:31:08.106 [main] DEBUG org.springframework.test.context.support.AbstractContextLoader - Did not detect default resource location for test class [com.kuang.redis02springboot.Redis02SpringbootApplicationTests]: class path resource [com/kuang/redis02springboot/Redis02SpringbootApplicationTests-context.xml] does not exist
21:31:08.106 [main] DEBUG org.springframework.test.context.support.AbstractContextLoader - Did not detect default resource location for test class [com.kuang.redis02springboot.Redis02SpringbootApplicationTests]: class path resource [com/kuang/redis02springboot/Redis02SpringbootApplicationTestsContext.groovy] does not exist
21:31:08.106 [main] INFO org.springframework.test.context.support.AbstractContextLoader - Could not detect default resource locations for test class [com.kuang.redis02springboot.Redis02SpringbootApplicationTests]: no resource found for suffixes {-context.xml, Context.groovy}.
21:31:08.107 [main] INFO org.springframework.test.context.support.AnnotationConfigContextLoaderUtils - Could not detect default configuration classes for test class [com.kuang.redis02springboot.Redis02SpringbootApplicationTests]: Redis02SpringbootApplicationTests does not declare any static, non-private, non-final, nested classes annotated with @Configuration.
21:31:08.143 [main] DEBUG org.springframework.test.context.support.ActiveProfilesUtils - Could not find an 'annotation declaring class' for annotation type [org.springframework.test.context.ActiveProfiles] and class [com.kuang.redis02springboot.Redis02SpringbootApplicationTests]
21:31:08.196 [main] DEBUG org.springframework.context.annotation.ClassPathScanningCandidateComponentProvider - Identified candidate component class: file [D:\Program Files\code\redis-study\redis-02-springboot\target\classes\com\kuang\redis02springboot\Redis02SpringbootApplication.class]
21:31:08.197 [main] INFO org.springframework.boot.test.context.SpringBootTestContextBootstrapper - Found @SpringBootConfiguration com.kuang.redis02springboot.Redis02SpringbootApplication for test class com.kuang.redis02springboot.Redis02SpringbootApplicationTests
21:31:08.302 [main] DEBUG org.springframework.boot.test.context.SpringBootTestContextBootstrapper - @TestExecutionListeners is not present for class [com.kuang.redis02springboot.Redis02SpringbootApplicationTests]: using defaults.
21:31:08.304 [main] INFO org.springframework.boot.test.context.SpringBootTestContextBootstrapper - Loaded default TestExecutionListener class names from location [META-INF/spring.factories]: [org.springframework.boot.test.mock.mockito.MockitoTestExecutionListener, org.springframework.boot.test.mock.mockito.ResetMocksTestExecutionListener, org.springframework.boot.test.autoconfigure.restdocs.RestDocsTestExecutionListener, org.springframework.boot.test.autoconfigure.web.client.MockRestServiceServerResetTestExecutionListener, org.springframework.boot.test.autoconfigure.web.servlet.MockMvcPrintOnlyOnFailureTestExecutionListener, org.springframework.boot.test.autoconfigure.web.servlet.WebDriverTestExecutionListener, org.springframework.boot.test.autoconfigure.webservices.client.MockWebServiceServerTestExecutionListener, org.springframework.test.context.web.ServletTestExecutionListener, org.springframework.test.context.support.DirtiesContextBeforeModesTestExecutionListener, org.springframework.test.context.event.ApplicationEventsTestExecutionListener, org.springframework.test.context.support.DependencyInjectionTestExecutionListener, org.springframework.test.context.support.DirtiesContextTestExecutionListener, org.springframework.test.context.transaction.TransactionalTestExecutionListener, org.springframework.test.context.jdbc.SqlScriptsTestExecutionListener, org.springframework.test.context.event.EventPublishingTestExecutionListener]
21:31:08.318 [main] INFO org.springframework.boot.test.context.SpringBootTestContextBootstrapper - Using TestExecutionListeners: [org.springframework.test.context.web.ServletTestExecutionListener@795509d9, org.springframework.test.context.support.DirtiesContextBeforeModesTestExecutionListener@53045c6c, org.springframework.test.context.event.ApplicationEventsTestExecutionListener@5149d738, org.springframework.boot.test.mock.mockito.MockitoTestExecutionListener@6bbe85a8, org.springframework.boot.test.autoconfigure.SpringBootDependencyInjectionTestExecutionListener@3a7442c7, org.springframework.test.context.support.DirtiesContextTestExecutionListener@4be29ed9, org.springframework.test.context.transaction.TransactionalTestExecutionListener@548d708a, org.springframework.test.context.jdbc.SqlScriptsTestExecutionListener@4b013c76, org.springframework.test.context.event.EventPublishingTestExecutionListener@53fb3dab, org.springframework.boot.test.mock.mockito.ResetMocksTestExecutionListener@cb0755b, org.springframework.boot.test.autoconfigure.restdocs.RestDocsTestExecutionListener@33065d67, org.springframework.boot.test.autoconfigure.web.client.MockRestServiceServerResetTestExecutionListener@712625fd, org.springframework.boot.test.autoconfigure.web.servlet.MockMvcPrintOnlyOnFailureTestExecutionListener@7bba5817, org.springframework.boot.test.autoconfigure.web.servlet.WebDriverTestExecutionListener@742ff096, org.springframework.boot.test.autoconfigure.webservices.client.MockWebServiceServerTestExecutionListener@75437611]
21:31:08.325 [main] DEBUG org.springframework.test.context.support.AbstractDirtiesContextTestExecutionListener - Before test class: context [DefaultTestContext@5f049ea1 testClass = Redis02SpringbootApplicationTests, testInstance = [null], testMethod = [null], testException = [null], mergedContextConfiguration = [WebMergedContextConfiguration@72cc7e6f testClass = Redis02SpringbootApplicationTests, locations = '{}', classes = '{class com.kuang.redis02springboot.Redis02SpringbootApplication}', contextInitializerClasses = '[]', activeProfiles = '{}', propertySourceLocations = '{}', propertySourceProperties = '{org.springframework.boot.test.context.SpringBootTestContextBootstrapper=true}', contextCustomizers = set[org.springframework.boot.test.context.filter.ExcludeFilterContextCustomizer@1dde4cb2, org.springframework.boot.test.json.DuplicateJsonObjectContextCustomizerFactory$DuplicateJsonObjectContextCustomizer@393671df, org.springframework.boot.test.mock.mockito.MockitoContextCustomizer@0, org.springframework.boot.test.web.client.TestRestTemplateContextCustomizer@62150f9e, org.springframework.boot.test.autoconfigure.actuate.metrics.MetricsExportContextCustomizerFactory$DisableMetricExportContextCustomizer@32eff876, org.springframework.boot.test.autoconfigure.properties.PropertyMappingContextCustomizer@0, org.springframework.boot.test.autoconfigure.web.servlet.WebDriverContextCustomizerFactory$Customizer@7b9a4292, org.springframework.boot.test.context.SpringBootTestArgs@1, org.springframework.boot.test.context.SpringBootTestWebEnvironment@7dc7cbad], resourceBasePath = 'src/main/webapp', contextLoader = 'org.springframework.boot.test.context.SpringBootContextLoader', parent = [null]], attributes = map['org.springframework.test.context.web.ServletTestExecutionListener.activateListener' -> true]], class annotated with @DirtiesContext [false] with mode [null].
21:31:08.358 [main] DEBUG org.springframework.test.context.support.TestPropertySourceUtils - Adding inlined properties to environment: {spring.jmx.enabled=false, org.springframework.boot.test.context.SpringBootTestContextBootstrapper=true}

  .   ____          _            __ _ _
 /\\ / ___'_ __ _ _(_)_ __  __ _ \ \ \ \
( ( )\___ | '_ | '_| | '_ \/ _` | \ \ \ \
 \\/  ___)| |_)| | | | | || (_| |  ) ) ) )
  '  |____| .__|_| |_|_| |_\__, | / / / /
 =========|_|==============|___/=/_/_/_/
 :: Spring Boot ::                (v2.5.1)

2021-06-22 21:31:08.642  INFO 7304 --- [           main] c.k.r.Redis02SpringbootApplicationTests  : Starting Redis02SpringbootApplicationTests using Java 1.8.0_271 on huawei with PID 7304 (started by FlameZ in D:\Program Files\code\redis-study\redis-02-springboot)
2021-06-22 21:31:08.644  INFO 7304 --- [           main] c.k.r.Redis02SpringbootApplicationTests  : No active profile set, falling back to default profiles: default
2021-06-22 21:31:09.197  INFO 7304 --- [           main] .s.d.r.c.RepositoryConfigurationDelegate : Multiple Spring Data modules found, entering strict repository configuration mode!
2021-06-22 21:31:09.199  INFO 7304 --- [           main] .s.d.r.c.RepositoryConfigurationDelegate : Bootstrapping Spring Data Redis repositories in DEFAULT mode.
2021-06-22 21:31:09.216  INFO 7304 --- [           main] .s.d.r.c.RepositoryConfigurationDelegate : Finished Spring Data repository scanning in 4 ms. Found 0 Redis repository interfaces.
2021-06-22 21:31:10.684  INFO 7304 --- [           main] c.k.r.Redis02SpringbootApplicationTests  : Started Redis02SpringbootApplicationTests in 2.321 seconds (JVM running for 3.143)
]]></system-out>
  </testcase>
</testsuite>