<?xml version="1.0" encoding="UTF-8"?>
<testsuite xmlns:xsi="http://www.w3.org/2001/XMLSchema-instance" xsi:noNamespaceSchemaLocation="https://maven.apache.org/surefire/maven-surefire-plugin/xsd/surefire-test-report.xsd" name="com.kuang.MybatisPlusApplicationTests" time="4.412" tests="8" errors="1" skipped="0" failures="0">
  <properties>
    <property name="sun.desktop" value="windows"/>
    <property name="awt.toolkit" value="sun.awt.windows.WToolkit"/>
    <property name="file.encoding.pkg" value="sun.io"/>
    <property name="java.specification.version" value="1.8"/>
    <property name="sun.cpu.isalist" value="amd64"/>
    <property name="sun.jnu.encoding" value="GBK"/>
    <property name="java.class.path" value="D:\Program Files\code\mybatis_plus\target\test-classes;D:\Program Files\code\mybatis_plus\target\classes;D:\Program Files\env\apache-maven-3.6.3\repository\com\baomidou\mybatis-plus-boot-starter\3.0.5\mybatis-plus-boot-starter-3.0.5.jar;D:\Program Files\env\apache-maven-3.6.3\repository\com\baomidou\mybatis-plus\3.0.5\mybatis-plus-3.0.5.jar;D:\Program Files\env\apache-maven-3.6.3\repository\com\baomidou\mybatis-plus-extension\3.0.5\mybatis-plus-extension-3.0.5.jar;D:\Program Files\env\apache-maven-3.6.3\repository\com\baomidou\mybatis-plus-core\3.0.5\mybatis-plus-core-3.0.5.jar;D:\Program Files\env\apache-maven-3.6.3\repository\com\baomidou\mybatis-plus-annotation\3.0.5\mybatis-plus-annotation-3.0.5.jar;D:\Program Files\env\apache-maven-3.6.3\repository\com\github\jsqlparser\jsqlparser\1.2\jsqlparser-1.2.jar;D:\Program Files\env\apache-maven-3.6.3\repository\org\mybatis\mybatis-spring\1.3.2\mybatis-spring-1.3.2.jar;D:\Program Files\env\apache-maven-3.6.3\repository\org\mybatis\mybatis\3.4.6\mybatis-3.4.6.jar;D:\Program Files\env\apache-maven-3.6.3\repository\com\baomidou\mybatis-plus-generator\3.0.5\mybatis-plus-generator-3.0.5.jar;D:\Program Files\env\apache-maven-3.6.3\repository\org\springframework\boot\spring-boot-autoconfigure\2.5.1\spring-boot-autoconfigure-2.5.1.jar;D:\Program Files\env\apache-maven-3.6.3\repository\org\springframework\boot\spring-boot\2.5.1\spring-boot-2.5.1.jar;D:\Program Files\env\apache-maven-3.6.3\repository\org\springframework\boot\spring-boot-starter-jdbc\2.5.1\spring-boot-starter-jdbc-2.5.1.jar;D:\Program Files\env\apache-maven-3.6.3\repository\com\zaxxer\HikariCP\4.0.3\HikariCP-4.0.3.jar;D:\Program Files\env\apache-maven-3.6.3\repository\org\springframework\spring-jdbc\5.3.8\spring-jdbc-5.3.8.jar;D:\Program Files\env\apache-maven-3.6.3\repository\org\springframework\spring-tx\5.3.8\spring-tx-5.3.8.jar;D:\Program Files\env\apache-maven-3.6.3\repository\org\springframework\boot\spring-boot-configuration-processor\2.5.1\spring-boot-configuration-processor-2.5.1.jar;D:\Program Files\env\apache-maven-3.6.3\repository\mysql\mysql-connector-java\8.0.23\mysql-connector-java-8.0.23.jar;D:\Program Files\env\apache-maven-3.6.3\repository\org\projectlombok\lombok\1.18.18\lombok-1.18.18.jar;D:\Program Files\env\apache-maven-3.6.3\repository\org\springframework\boot\spring-boot-starter-web\2.5.1\spring-boot-starter-web-2.5.1.jar;D:\Program Files\env\apache-maven-3.6.3\repository\org\springframework\boot\spring-boot-starter\2.5.1\spring-boot-starter-2.5.1.jar;D:\Program Files\env\apache-maven-3.6.3\repository\org\springframework\boot\spring-boot-starter-logging\2.5.1\spring-boot-starter-logging-2.5.1.jar;D:\Program Files\env\apache-maven-3.6.3\repository\ch\qos\logback\logback-classic\1.2.3\logback-classic-1.2.3.jar;D:\Program Files\env\apache-maven-3.6.3\repository\ch\qos\logback\logback-core\1.2.3\logback-core-1.2.3.jar;D:\Program Files\env\apache-maven-3.6.3\repository\org\apache\logging\log4j\log4j-to-slf4j\2.14.1\log4j-to-slf4j-2.14.1.jar;D:\Program Files\env\apache-maven-3.6.3\repository\org\apache\logging\log4j\log4j-api\2.14.1\log4j-api-2.14.1.jar;D:\Program Files\env\apache-maven-3.6.3\repository\org\slf4j\jul-to-slf4j\1.7.30\jul-to-slf4j-1.7.30.jar;D:\Program Files\env\apache-maven-3.6.3\repository\jakarta\annotation\jakarta.annotation-api\1.3.5\jakarta.annotation-api-1.3.5.jar;D:\Program Files\env\apache-maven-3.6.3\repository\org\yaml\snakeyaml\1.28\snakeyaml-1.28.jar;D:\Program Files\env\apache-maven-3.6.3\repository\org\springframework\boot\spring-boot-starter-json\2.5.1\spring-boot-starter-json-2.5.1.jar;D:\Program Files\env\apache-maven-3.6.3\repository\com\fasterxml\jackson\core\jackson-databind\2.12.3\jackson-databind-2.12.3.jar;D:\Program Files\env\apache-maven-3.6.3\repository\com\fasterxml\jackson\core\jackson-annotations\2.12.3\jackson-annotations-2.12.3.jar;D:\Program Files\env\apache-maven-3.6.3\repository\com\fasterxml\jackson\core\jackson-core\2.12.3\jackson-core-2.12.3.jar;D:\Program Files\env\apache-maven-3.6.3\repository\com\fasterxml\jackson\datatype\jackson-datatype-jdk8\2.12.3\jackson-datatype-jdk8-2.12.3.jar;D:\Program Files\env\apache-maven-3.6.3\repository\com\fasterxml\jackson\datatype\jackson-datatype-jsr310\2.12.3\jackson-datatype-jsr310-2.12.3.jar;D:\Program Files\env\apache-maven-3.6.3\repository\com\fasterxml\jackson\module\jackson-module-parameter-names\2.12.3\jackson-module-parameter-names-2.12.3.jar;D:\Program Files\env\apache-maven-3.6.3\repository\org\springframework\boot\spring-boot-starter-tomcat\2.5.1\spring-boot-starter-tomcat-2.5.1.jar;D:\Program Files\env\apache-maven-3.6.3\repository\org\apache\tomcat\embed\tomcat-embed-core\9.0.46\tomcat-embed-core-9.0.46.jar;D:\Program Files\env\apache-maven-3.6.3\repository\org\apache\tomcat\embed\tomcat-embed-el\9.0.46\tomcat-embed-el-9.0.46.jar;D:\Program Files\env\apache-maven-3.6.3\repository\org\apache\tomcat\embed\tomcat-embed-websocket\9.0.46\tomcat-embed-websocket-9.0.46.jar;D:\Program Files\env\apache-maven-3.6.3\repository\org\springframework\spring-web\5.3.8\spring-web-5.3.8.jar;D:\Program Files\env\apache-maven-3.6.3\repository\org\springframework\spring-beans\5.3.8\spring-beans-5.3.8.jar;D:\Program Files\env\apache-maven-3.6.3\repository\org\springframework\spring-webmvc\5.3.8\spring-webmvc-5.3.8.jar;D:\Program Files\env\apache-maven-3.6.3\repository\org\springframework\spring-aop\5.3.8\spring-aop-5.3.8.jar;D:\Program Files\env\apache-maven-3.6.3\repository\org\springframework\spring-context\5.3.8\spring-context-5.3.8.jar;D:\Program Files\env\apache-maven-3.6.3\repository\org\springframework\spring-expression\5.3.8\spring-expression-5.3.8.jar;D:\Program Files\env\apache-maven-3.6.3\repository\org\springframework\boot\spring-boot-starter-test\2.5.1\spring-boot-starter-test-2.5.1.jar;D:\Program Files\env\apache-maven-3.6.3\repository\org\springframework\boot\spring-boot-test\2.5.1\spring-boot-test-2.5.1.jar;D:\Program Files\env\apache-maven-3.6.3\repository\org\springframework\boot\spring-boot-test-autoconfigure\2.5.1\spring-boot-test-autoconfigure-2.5.1.jar;D:\Program Files\env\apache-maven-3.6.3\repository\com\jayway\jsonpath\json-path\2.5.0\json-path-2.5.0.jar;D:\Program Files\env\apache-maven-3.6.3\repository\net\minidev\json-smart\2.4.7\json-smart-2.4.7.jar;D:\Program Files\env\apache-maven-3.6.3\repository\net\minidev\accessors-smart\2.4.7\accessors-smart-2.4.7.jar;D:\Program Files\env\apache-maven-3.6.3\repository\org\ow2\asm\asm\9.1\asm-9.1.jar;D:\Program Files\env\apache-maven-3.6.3\repository\org\slf4j\slf4j-api\1.7.30\slf4j-api-1.7.30.jar;D:\Program Files\env\apache-maven-3.6.3\repository\jakarta\xml\bind\jakarta.xml.bind-api\2.3.3\jakarta.xml.bind-api-2.3.3.jar;D:\Program Files\env\apache-maven-3.6.3\repository\jakarta\activation\jakarta.activation-api\1.2.2\jakarta.activation-api-1.2.2.jar;D:\Program Files\env\apache-maven-3.6.3\repository\org\assertj\assertj-core\3.19.0\assertj-core-3.19.0.jar;D:\Program Files\env\apache-maven-3.6.3\repository\org\hamcrest\hamcrest\2.2\hamcrest-2.2.jar;D:\Program Files\env\apache-maven-3.6.3\repository\org\junit\jupiter\junit-jupiter\5.7.2\junit-jupiter-5.7.2.jar;D:\Program Files\env\apache-maven-3.6.3\repository\org\junit\jupiter\junit-jupiter-api\5.7.2\junit-jupiter-api-5.7.2.jar;D:\Program Files\env\apache-maven-3.6.3\repository\org\apiguardian\apiguardian-api\1.1.0\apiguardian-api-1.1.0.jar;D:\Program Files\env\apache-maven-3.6.3\repository\org\opentest4j\opentest4j\1.2.0\opentest4j-1.2.0.jar;D:\Program Files\env\apache-maven-3.6.3\repository\org\junit\platform\junit-platform-commons\1.7.2\junit-platform-commons-1.7.2.jar;D:\Program Files\env\apache-maven-3.6.3\repository\org\junit\jupiter\junit-jupiter-params\5.7.2\junit-jupiter-params-5.7.2.jar;D:\Program Files\env\apache-maven-3.6.3\repository\org\junit\jupiter\junit-jupiter-engine\5.7.2\junit-jupiter-engine-5.7.2.jar;D:\Program Files\env\apache-maven-3.6.3\repository\org\junit\platform\junit-platform-engine\1.7.2\junit-platform-engine-1.7.2.jar;D:\Program Files\env\apache-maven-3.6.3\repository\org\mockito\mockito-core\3.9.0\mockito-core-3.9.0.jar;D:\Program Files\env\apache-maven-3.6.3\repository\net\bytebuddy\byte-buddy\1.10.22\byte-buddy-1.10.22.jar;D:\Program Files\env\apache-maven-3.6.3\repository\net\bytebuddy\byte-buddy-agent\1.10.22\byte-buddy-agent-1.10.22.jar;D:\Program Files\env\apache-maven-3.6.3\repository\org\objenesis\objenesis\3.2\objenesis-3.2.jar;D:\Program Files\env\apache-maven-3.6.3\repository\org\mockito\mockito-junit-jupiter\3.9.0\mockito-junit-jupiter-3.9.0.jar;D:\Program Files\env\apache-maven-3.6.3\repository\org\skyscreamer\jsonassert\1.5.0\jsonassert-1.5.0.jar;D:\Program Files\env\apache-maven-3.6.3\repository\com\vaadin\external\google\android-json\0.0.20131108.vaadin1\android-json-0.0.20131108.vaadin1.jar;D:\Program Files\env\apache-maven-3.6.3\repository\org\springframework\spring-core\5.3.8\spring-core-5.3.8.jar;D:\Program Files\env\apache-maven-3.6.3\repository\org\springframework\spring-jcl\5.3.8\spring-jcl-5.3.8.jar;D:\Program Files\env\apache-maven-3.6.3\repository\org\springframework\spring-test\5.3.8\spring-test-5.3.8.jar;D:\Program Files\env\apache-maven-3.6.3\repository\org\xmlunit\xmlunit-core\2.8.2\xmlunit-core-2.8.2.jar;"/>
    <property name="java.vm.vendor" value="Oracle Corporation"/>
    <property name="sun.arch.data.model" value="64"/>
    <property name="user.variant" value=""/>
    <property name="java.vendor.url" value="http://java.oracle.com/"/>
    <property name="user.timezone" value="Asia/Shanghai"/>
    <property name="java.vm.specification.version" value="1.8"/>
    <property name="os.name" value="Windows 10"/>
    <property name="user.country" value="CN"/>
    <property name="sun.java.launcher" value="SUN_STANDARD"/>
    <property name="sun.boot.library.path" value="D:\Program Files\env\Java\jdk1.8.0_271\jre\bin"/>
    <property name="sun.java.command" value="C:\Users\FlameZ\AppData\Local\Temp\surefire2405869830784573205\surefirebooter47831480393197656.jar C:\Users\FlameZ\AppData\Local\Temp\surefire2405869830784573205 2021-06-20T17-42-28_861-jvmRun1 surefire812516483431896652tmp surefire_07636898595072052541tmp"/>
    <property name="surefire.test.class.path" value="D:\Program Files\code\mybatis_plus\target\test-classes;D:\Program Files\code\mybatis_plus\target\classes;D:\Program Files\env\apache-maven-3.6.3\repository\com\baomidou\mybatis-plus-boot-starter\3.0.5\mybatis-plus-boot-starter-3.0.5.jar;D:\Program Files\env\apache-maven-3.6.3\repository\com\baomidou\mybatis-plus\3.0.5\mybatis-plus-3.0.5.jar;D:\Program Files\env\apache-maven-3.6.3\repository\com\baomidou\mybatis-plus-extension\3.0.5\mybatis-plus-extension-3.0.5.jar;D:\Program Files\env\apache-maven-3.6.3\repository\com\baomidou\mybatis-plus-core\3.0.5\mybatis-plus-core-3.0.5.jar;D:\Program Files\env\apache-maven-3.6.3\repository\com\baomidou\mybatis-plus-annotation\3.0.5\mybatis-plus-annotation-3.0.5.jar;D:\Program Files\env\apache-maven-3.6.3\repository\com\github\jsqlparser\jsqlparser\1.2\jsqlparser-1.2.jar;D:\Program Files\env\apache-maven-3.6.3\repository\org\mybatis\mybatis-spring\1.3.2\mybatis-spring-1.3.2.jar;D:\Program Files\env\apache-maven-3.6.3\repository\org\mybatis\mybatis\3.4.6\mybatis-3.4.6.jar;D:\Program Files\env\apache-maven-3.6.3\repository\com\baomidou\mybatis-plus-generator\3.0.5\mybatis-plus-generator-3.0.5.jar;D:\Program Files\env\apache-maven-3.6.3\repository\org\springframework\boot\spring-boot-autoconfigure\2.5.1\spring-boot-autoconfigure-2.5.1.jar;D:\Program Files\env\apache-maven-3.6.3\repository\org\springframework\boot\spring-boot\2.5.1\spring-boot-2.5.1.jar;D:\Program Files\env\apache-maven-3.6.3\repository\org\springframework\boot\spring-boot-starter-jdbc\2.5.1\spring-boot-starter-jdbc-2.5.1.jar;D:\Program Files\env\apache-maven-3.6.3\repository\com\zaxxer\HikariCP\4.0.3\HikariCP-4.0.3.jar;D:\Program Files\env\apache-maven-3.6.3\repository\org\springframework\spring-jdbc\5.3.8\spring-jdbc-5.3.8.jar;D:\Program Files\env\apache-maven-3.6.3\repository\org\springframework\spring-tx\5.3.8\spring-tx-5.3.8.jar;D:\Program Files\env\apache-maven-3.6.3\repository\org\springframework\boot\spring-boot-configuration-processor\2.5.1\spring-boot-configuration-processor-2.5.1.jar;D:\Program Files\env\apache-maven-3.6.3\repository\mysql\mysql-connector-java\8.0.23\mysql-connector-java-8.0.23.jar;D:\Program Files\env\apache-maven-3.6.3\repository\org\projectlombok\lombok\1.18.18\lombok-1.18.18.jar;D:\Program Files\env\apache-maven-3.6.3\repository\org\springframework\boot\spring-boot-starter-web\2.5.1\spring-boot-starter-web-2.5.1.jar;D:\Program Files\env\apache-maven-3.6.3\repository\org\springframework\boot\spring-boot-starter\2.5.1\spring-boot-starter-2.5.1.jar;D:\Program Files\env\apache-maven-3.6.3\repository\org\springframework\boot\spring-boot-starter-logging\2.5.1\spring-boot-starter-logging-2.5.1.jar;D:\Program Files\env\apache-maven-3.6.3\repository\ch\qos\logback\logback-classic\1.2.3\logback-classic-1.2.3.jar;D:\Program Files\env\apache-maven-3.6.3\repository\ch\qos\logback\logback-core\1.2.3\logback-core-1.2.3.jar;D:\Program Files\env\apache-maven-3.6.3\repository\org\apache\logging\log4j\log4j-to-slf4j\2.14.1\log4j-to-slf4j-2.14.1.jar;D:\Program Files\env\apache-maven-3.6.3\repository\org\apache\logging\log4j\log4j-api\2.14.1\log4j-api-2.14.1.jar;D:\Program Files\env\apache-maven-3.6.3\repository\org\slf4j\jul-to-slf4j\1.7.30\jul-to-slf4j-1.7.30.jar;D:\Program Files\env\apache-maven-3.6.3\repository\jakarta\annotation\jakarta.annotation-api\1.3.5\jakarta.annotation-api-1.3.5.jar;D:\Program Files\env\apache-maven-3.6.3\repository\org\yaml\snakeyaml\1.28\snakeyaml-1.28.jar;D:\Program Files\env\apache-maven-3.6.3\repository\org\springframework\boot\spring-boot-starter-json\2.5.1\spring-boot-starter-json-2.5.1.jar;D:\Program Files\env\apache-maven-3.6.3\repository\com\fasterxml\jackson\core\jackson-databind\2.12.3\jackson-databind-2.12.3.jar;D:\Program Files\env\apache-maven-3.6.3\repository\com\fasterxml\jackson\core\jackson-annotations\2.12.3\jackson-annotations-2.12.3.jar;D:\Program Files\env\apache-maven-3.6.3\repository\com\fasterxml\jackson\core\jackson-core\2.12.3\jackson-core-2.12.3.jar;D:\Program Files\env\apache-maven-3.6.3\repository\com\fasterxml\jackson\datatype\jackson-datatype-jdk8\2.12.3\jackson-datatype-jdk8-2.12.3.jar;D:\Program Files\env\apache-maven-3.6.3\repository\com\fasterxml\jackson\datatype\jackson-datatype-jsr310\2.12.3\jackson-datatype-jsr310-2.12.3.jar;D:\Program Files\env\apache-maven-3.6.3\repository\com\fasterxml\jackson\module\jackson-module-parameter-names\2.12.3\jackson-module-parameter-names-2.12.3.jar;D:\Program Files\env\apache-maven-3.6.3\repository\org\springframework\boot\spring-boot-starter-tomcat\2.5.1\spring-boot-starter-tomcat-2.5.1.jar;D:\Program Files\env\apache-maven-3.6.3\repository\org\apache\tomcat\embed\tomcat-embed-core\9.0.46\tomcat-embed-core-9.0.46.jar;D:\Program Files\env\apache-maven-3.6.3\repository\org\apache\tomcat\embed\tomcat-embed-el\9.0.46\tomcat-embed-el-9.0.46.jar;D:\Program Files\env\apache-maven-3.6.3\repository\org\apache\tomcat\embed\tomcat-embed-websocket\9.0.46\tomcat-embed-websocket-9.0.46.jar;D:\Program Files\env\apache-maven-3.6.3\repository\org\springframework\spring-web\5.3.8\spring-web-5.3.8.jar;D:\Program Files\env\apache-maven-3.6.3\repository\org\springframework\spring-beans\5.3.8\spring-beans-5.3.8.jar;D:\Program Files\env\apache-maven-3.6.3\repository\org\springframework\spring-webmvc\5.3.8\spring-webmvc-5.3.8.jar;D:\Program Files\env\apache-maven-3.6.3\repository\org\springframework\spring-aop\5.3.8\spring-aop-5.3.8.jar;D:\Program Files\env\apache-maven-3.6.3\repository\org\springframework\spring-context\5.3.8\spring-context-5.3.8.jar;D:\Program Files\env\apache-maven-3.6.3\repository\org\springframework\spring-expression\5.3.8\spring-expression-5.3.8.jar;D:\Program Files\env\apache-maven-3.6.3\repository\org\springframework\boot\spring-boot-starter-test\2.5.1\spring-boot-starter-test-2.5.1.jar;D:\Program Files\env\apache-maven-3.6.3\repository\org\springframework\boot\spring-boot-test\2.5.1\spring-boot-test-2.5.1.jar;D:\Program Files\env\apache-maven-3.6.3\repository\org\springframework\boot\spring-boot-test-autoconfigure\2.5.1\spring-boot-test-autoconfigure-2.5.1.jar;D:\Program Files\env\apache-maven-3.6.3\repository\com\jayway\jsonpath\json-path\2.5.0\json-path-2.5.0.jar;D:\Program Files\env\apache-maven-3.6.3\repository\net\minidev\json-smart\2.4.7\json-smart-2.4.7.jar;D:\Program Files\env\apache-maven-3.6.3\repository\net\minidev\accessors-smart\2.4.7\accessors-smart-2.4.7.jar;D:\Program Files\env\apache-maven-3.6.3\repository\org\ow2\asm\asm\9.1\asm-9.1.jar;D:\Program Files\env\apache-maven-3.6.3\repository\org\slf4j\slf4j-api\1.7.30\slf4j-api-1.7.30.jar;D:\Program Files\env\apache-maven-3.6.3\repository\jakarta\xml\bind\jakarta.xml.bind-api\2.3.3\jakarta.xml.bind-api-2.3.3.jar;D:\Program Files\env\apache-maven-3.6.3\repository\jakarta\activation\jakarta.activation-api\1.2.2\jakarta.activation-api-1.2.2.jar;D:\Program Files\env\apache-maven-3.6.3\repository\org\assertj\assertj-core\3.19.0\assertj-core-3.19.0.jar;D:\Program Files\env\apache-maven-3.6.3\repository\org\hamcrest\hamcrest\2.2\hamcrest-2.2.jar;D:\Program Files\env\apache-maven-3.6.3\repository\org\junit\jupiter\junit-jupiter\5.7.2\junit-jupiter-5.7.2.jar;D:\Program Files\env\apache-maven-3.6.3\repository\org\junit\jupiter\junit-jupiter-api\5.7.2\junit-jupiter-api-5.7.2.jar;D:\Program Files\env\apache-maven-3.6.3\repository\org\apiguardian\apiguardian-api\1.1.0\apiguardian-api-1.1.0.jar;D:\Program Files\env\apache-maven-3.6.3\repository\org\opentest4j\opentest4j\1.2.0\opentest4j-1.2.0.jar;D:\Program Files\env\apache-maven-3.6.3\repository\org\junit\platform\junit-platform-commons\1.7.2\junit-platform-commons-1.7.2.jar;D:\Program Files\env\apache-maven-3.6.3\repository\org\junit\jupiter\junit-jupiter-params\5.7.2\junit-jupiter-params-5.7.2.jar;D:\Program Files\env\apache-maven-3.6.3\repository\org\junit\jupiter\junit-jupiter-engine\5.7.2\junit-jupiter-engine-5.7.2.jar;D:\Program Files\env\apache-maven-3.6.3\repository\org\junit\platform\junit-platform-engine\1.7.2\junit-platform-engine-1.7.2.jar;D:\Program Files\env\apache-maven-3.6.3\repository\org\mockito\mockito-core\3.9.0\mockito-core-3.9.0.jar;D:\Program Files\env\apache-maven-3.6.3\repository\net\bytebuddy\byte-buddy\1.10.22\byte-buddy-1.10.22.jar;D:\Program Files\env\apache-maven-3.6.3\repository\net\bytebuddy\byte-buddy-agent\1.10.22\byte-buddy-agent-1.10.22.jar;D:\Program Files\env\apache-maven-3.6.3\repository\org\objenesis\objenesis\3.2\objenesis-3.2.jar;D:\Program Files\env\apache-maven-3.6.3\repository\org\mockito\mockito-junit-jupiter\3.9.0\mockito-junit-jupiter-3.9.0.jar;D:\Program Files\env\apache-maven-3.6.3\repository\org\skyscreamer\jsonassert\1.5.0\jsonassert-1.5.0.jar;D:\Program Files\env\apache-maven-3.6.3\repository\com\vaadin\external\google\android-json\0.0.20131108.vaadin1\android-json-0.0.20131108.vaadin1.jar;D:\Program Files\env\apache-maven-3.6.3\repository\org\springframework\spring-core\5.3.8\spring-core-5.3.8.jar;D:\Program Files\env\apache-maven-3.6.3\repository\org\springframework\spring-jcl\5.3.8\spring-jcl-5.3.8.jar;D:\Program Files\env\apache-maven-3.6.3\repository\org\springframework\spring-test\5.3.8\spring-test-5.3.8.jar;D:\Program Files\env\apache-maven-3.6.3\repository\org\xmlunit\xmlunit-core\2.8.2\xmlunit-core-2.8.2.jar;"/>
    <property name="sun.cpu.endian" value="little"/>
    <property name="user.home" value="C:\Users\FlameZ"/>
    <property name="user.language" value="zh"/>
    <property name="java.specification.vendor" value="Oracle Corporation"/>
    <property name="java.home" value="D:\Program Files\env\Java\jdk1.8.0_271\jre"/>
    <property name="basedir" value="D:\Program Files\code\mybatis_plus"/>
    <property name="file.separator" value="\"/>
    <property name="line.separator" value="&#10;"/>
    <property name="java.vm.specification.vendor" value="Oracle Corporation"/>
    <property name="java.specification.name" value="Java Platform API Specification"/>
    <property name="java.awt.graphicsenv" value="sun.awt.Win32GraphicsEnvironment"/>
    <property name="surefire.real.class.path" value="C:\Users\FlameZ\AppData\Local\Temp\surefire2405869830784573205\surefirebooter47831480393197656.jar"/>
    <property name="sun.boot.class.path" value="D:\Program Files\env\Java\jdk1.8.0_271\jre\lib\resources.jar;D:\Program Files\env\Java\jdk1.8.0_271\jre\lib\rt.jar;D:\Program Files\env\Java\jdk1.8.0_271\jre\lib\sunrsasign.jar;D:\Program Files\env\Java\jdk1.8.0_271\jre\lib\jsse.jar;D:\Program Files\env\Java\jdk1.8.0_271\jre\lib\jce.jar;D:\Program Files\env\Java\jdk1.8.0_271\jre\lib\charsets.jar;D:\Program Files\env\Java\jdk1.8.0_271\jre\lib\jfr.jar;D:\Program Files\env\Java\jdk1.8.0_271\jre\classes"/>
    <property name="user.script" value=""/>
    <property name="sun.management.compiler" value="HotSpot 64-Bit Tiered Compilers"/>
    <property name="java.runtime.version" value="1.8.0_271-b09"/>
    <property name="user.name" value="FlameZ"/>
    <property name="path.separator" value=";"/>
    <property name="os.version" value="10.0"/>
    <property name="java.endorsed.dirs" value="D:\Program Files\env\Java\jdk1.8.0_271\jre\lib\endorsed"/>
    <property name="java.runtime.name" value="Java(TM) SE Runtime Environment"/>
    <property name="file.encoding" value="GBK"/>
    <property name="java.vm.name" value="Java HotSpot(TM) 64-Bit Server VM"/>
    <property name="localRepository" value="D:\Program Files\env\apache-maven-3.6.3\repository"/>
    <property name="java.vendor.url.bug" value="http://bugreport.sun.com/bugreport/"/>
    <property name="java.io.tmpdir" value="C:\Users\FlameZ\AppData\Local\Temp\"/>
    <property name="idea.version" value="2021.1.2"/>
    <property name="java.version" value="1.8.0_271"/>
    <property name="user.dir" value="D:\Program Files\code\mybatis_plus"/>
    <property name="os.arch" value="amd64"/>
    <property name="java.vm.specification.name" value="Java Virtual Machine Specification"/>
    <property name="java.awt.printerjob" value="sun.awt.windows.WPrinterJob"/>
    <property name="sun.os.patch.level" value=""/>
    <property name="java.library.path" value="D:\Program Files\env\Java\jdk1.8.0_271\jre\bin;C:\Windows\Sun\Java\bin;C:\Windows\system32;C:\Windows;C:\Program Files (x86)\Common Files\Oracle\Java\javapath;C:\Windows\system32;C:\Windows;C:\Windows\System32\Wbem;C:\Windows\System32\WindowsPowerShell\v1.0\;C:\Windows\System32\OpenSSH\;C:\Program Files (x86)\NVIDIA Corporation\PhysX\Common;C:\Program Files\NVIDIA Corporation\NVIDIA NvDLISR;D:\Program Files (x86)\NetSarang\Xshell 7\;D:\Program Files\Git\cmd;D:\Program Files\nodejs\;D:\Program Files\env\Java\jdk1.8.0_271\bin;D:\Program Files\env\Java\jdk1.8.0_271\jre\bin;D:\Program Files\env\Redis;C:\Program Files\MySQL\MySQL Server 5.6\bin;D:\Program Files\env\apache-maven-3.6.3\bin;C:\Program Files\NVIDIA Corporation\Nsight Compute 2020.2.0\;C:\Program Files\NVIDIA GPU Computing Toolkit\CUDA\v11.1\bin;C:\Program Files\NVIDIA GPU Computing Toolkit\CUDA\v11.1\libnvvp;C:\Program Files\NVIDIA GPU Computing Toolkit\CUDA\v11.1\lib;C:\Program Files\NVIDIA GPU Computing Toolkit\CUDA\v11.1\include;C:\Program Files\NVIDIA GPU Computing Toolkit\CUDA\v11.1\lib\x64;C:\Program Files\NVIDIA GPU Computing Toolkit\CUDA\v11.1\extras\CUPTI\lib64;D:\Program Files\env\mingw-w64\mingw64\bin;D:\anaconda3;D:\anaconda3\Library\mingw-w64\bin;D:\anaconda3\Library\usr\bin;D:\anaconda3\Library\bin;D:\anaconda3\Scripts;C:\Users\FlameZ\AppData\Local\Microsoft\WindowsApps;C:\Users\FlameZ\AppData\Roaming\npm;D:\Program Files\JetBrains\IntelliJ IDEA 2020.3.1\bin;;D:\texlive\2021\bin\win32;."/>
    <property name="java.vm.info" value="mixed mode"/>
    <property name="java.vendor" value="Oracle Corporation"/>
    <property name="java.vm.version" value="25.271-b09"/>
    <property name="java.ext.dirs" value="D:\Program Files\env\Java\jdk1.8.0_271\jre\lib\ext;C:\Windows\Sun\Java\lib\ext"/>
    <property name="sun.io.unicode.encoding" value="UnicodeLittle"/>
    <property name="maven.repo.local" value="D:\Program Files\env\apache-maven-3.6.3\repository"/>
    <property name="java.class.version" value="52.0"/>
  </properties>
  <testcase name="testPage" classname="com.kuang.MybatisPlusApplicationTests" time="0.483"/>
  <testcase name="testLogicDelete" classname="com.kuang.MybatisPlusApplicationTests" time="0.008"/>
  <testcase name="testOptimisticLocker" classname="com.kuang.MybatisPlusApplicationTests" time="0.034"/>
  <testcase name="contextLoads" classname="com.kuang.MybatisPlusApplicationTests" time="0.014"/>
  <testcase name="testDelete" classname="com.kuang.MybatisPlusApplicationTests" time="0.021"/>
  <testcase name="testInsert" classname="com.kuang.MybatisPlusApplicationTests" time="0.13">
    <error message="&#10;### Error updating database.  Cause: java.sql.SQLException: Field &apos;id&apos; doesn&apos;t have a default value&#10;### The error may involve com.kuang.mapper.UserMapper.insert-Inline&#10;### The error occurred while setting parameters&#10;### SQL: INSERT INTO user  ( name, age, email, create_time, update_time )  VALUES  ( ?, ?, ?, ?, ? )&#10;### Cause: java.sql.SQLException: Field &apos;id&apos; doesn&apos;t have a default value&#10;; Field &apos;id&apos; doesn&apos;t have a default value; nested exception is java.sql.SQLException: Field &apos;id&apos; doesn&apos;t have a default value" type="org.springframework.dao.DataIntegrityViolationException">org.springframework.dao.DataIntegrityViolationException: 

### Error updating database.  Cause: java.sql.SQLException: Field 'id' doesn't have a default value
### The error may involve com.kuang.mapper.UserMapper.insert-Inline
### The error occurred while setting parameters
### SQL: INSERT INTO user  ( name, age, email, create_time, update_time )  VALUES  ( ?, ?, ?, ?, ? )
### Cause: java.sql.SQLException: Field 'id' doesn't have a default value
; Field 'id' doesn't have a default value; nested exception is java.sql.SQLException: Field 'id' doesn't have a default value
	at com.kuang.MybatisPlusApplicationTests.testInsert(MybatisPlusApplicationTests.java:33)
Caused by: java.sql.SQLException: Field 'id' doesn't have a default value
	at com.kuang.MybatisPlusApplicationTests.testInsert(MybatisPlusApplicationTests.java:33)
</error>
    <system-out><![CDATA[Creating a new SqlSession
SqlSession [org.apache.ibatis.session.defaults.DefaultSqlSession@b61edb9] was not registered for synchronization because synchronization is not active
2021-06-20 17:42:34.035  INFO 7844 --- [           main] com.kuang.handler.MyHandler              : start insert fill...
JDBC Connection [HikariProxyConnection@1564473433 wrapping com.mysql.cj.jdbc.ConnectionImpl@6d091cad] will not be managed by Spring
==>  Preparing: INSERT INTO user ( name, age, email, create_time, update_time ) VALUES ( ?, ?, ?, ?, ? ) 
==> Parameters: panpan(String), 12(Integer), hahaha(String), 2021-06-20 17:42:34.036(Timestamp), 2021-06-20 17:42:34.036(Timestamp)
Closing non transactional SqlSession [org.apache.ibatis.session.defaults.DefaultSqlSession@b61edb9]
]]></system-out>
  </testcase>
  <testcase name="testSelect" classname="com.kuang.MybatisPlusApplicationTests" time="0.068"/>
  <testcase name="testUpdate" classname="com.kuang.MybatisPlusApplicationTests" time="0.005"/>
</testsuite>